Hybrid version
/var/spool/slurm/d/job11955/slurm_script: line 7: cd: mandelbrotSet/src: No such file or directory
mandelbrot_set.c(333): warning #266: function "sched_getcpu" declared implicitly
    return  sched_getcpu( );
            ^



OMP EXECUTION WITH 2 threads
Process 0; WTime: 32.077757
PID: 0 thread 0 time 31.934855
PID: 0 thread 1 time 31.933517


MPI+OMP EXECUTION WITH 2 processes and 4 threads
Process 0; WTime: 40.874012
PID: 0 thread 0 time 0.000000
PID: 0 thread 1 time 0.000000
PID: 0 thread 2 time 0.000000
PID: 0 thread 3 time 0.000000
Process 1; WTime: 40.878878
PID: 1 thread 0 time 40.830226
PID: 1 thread 1 time 40.812692
PID: 1 thread 2 time 40.821072
PID: 1 thread 3 time 40.819743


MPI+OMP EXECUTION WITH 2 processes and 8 threads
Process 1; WTime: 58.667471
PID: 1 thread 0 time 58.414012
PID: 1 thread 1 time 58.402163
PID: 1 thread 2 time 58.412599
PID: 1 thread 3 time 58.422050
PID: 1 thread 4 time 58.401626
PID: 1 thread 5 time 58.409598
PID: 1 thread 6 time 58.431454
PID: 1 thread 7 time 58.439950
Process 0; WTime: 58.652372
PID: 0 thread 0 time 0.000000
PID: 0 thread 1 time 0.000000
PID: 0 thread 2 time 8026746806895607243661978469608986634929530920000400967825323944775817168143774968079142955343564455493894968590635198040483792674499707758021377812124692737423310848.000000
PID: 0 thread 3 time 5386692280472086075819167652350899185047604005062512072059129204430794441106729707254934022976939864303577506833383631439028926663099813447064438137072643499904078871042852020852637096487026726987822066831826858003703463252328448.000000
PID: 0 thread 4 time 60112313092444571597633384694215270341997785399124750804137395766810728231560355444124340034548955525189669259844640352162886677133530687325095782681969633480594523879798472704.000000
PID: 0 thread 5 time 54982405182539346887591026689015767741700390082813350887443288441467139594996523537508928897746793606256792877605043560223295378876725965337201622004692206845100710719314689159392327844767148452845880237869137829516612859073691736914574650130825216.000000
PID: 0 thread 6 time 87953446005811585849321749102903520864636962005389756500821054085415064775988960015402318062648073802743895996364883204052630973699364058685407281552553874294140905341096621728204554332453076245413888.000000
PID: 0 thread 7 time 0.000000


MPI+OMP EXECUTION WITH 3 processes and 8 threads
Process 0; WTime: 66.212541
Process 2; WTime: 66.205765
PID: 2 thread 0 time 65.010490
PID: 2 thread 1 time 64.817690
PID: 2 thread 2 time 64.405368
PID: 2 thread 3 time 64.851491
PID: 2 thread 4 time 64.947800
PID: 2 thread 5 time 64.476932
PID: 2 thread 6 time 64.858123
PID: 2 thread 7 time 64.860243
Process 1; WTime: 66.231638
PID: 1 thread 0 time 65.434126
PID: 1 thread 1 time 65.105116
PID: 1 thread 2 time 8026746806895607243661978469608986634929530920000400967825323944775817168143774968079142955343564455493894968590635198040483792674499707758021377812124692737423310848.000000
PID: 1 thread 3 time 5386692280472086075819167652350899185047604005062512072059129204430794441106729707254934022976939864303577506833383631439028926663099813447064438137072643499904078871042852020852637096487026726987822066831826858003703463252328448.000000
PID: 1 thread 4 time 60112313092444571597633384694215270341997785399124750804137395766810728231560355444124340034548955525189669259844640352162886677133530687325095782681969633480594523879798472704.000000
PID: 1 thread 5 time 54982405182539346887591026689015767741700390082813350887443288441467139594996523537508928897746793606256792877605043560223295378876725965337201622004692206845100710719314689159392327844767148452845880237869137829516612859073691736914574650130825216.000000
PID: 1 thread 6 time 87953446005811585849321749102903520864636962005389756500821054085415064775988960015402318062648073802743895996364883204052630973699364058685407281552553874294140905341096621728204554332453076245413888.000000
PID: 1 thread 7 time 64.860250
PID: 0 thread 0 time 0.000000
PID: 0 thread 1 time 0.000000
PID: 0 thread 2 time 646572285381426222808160952904471027514079930125728720247830036659342952249795760044412007772255634468623572877725090418580483949556875929320739730232152878231382384443392.000000
PID: 0 thread 3 time 172492327799207676485035691649568971289871874127989950860315252127968093913393031580914651509806721542861895473151906249170226593534780835854338813285029828073666054950178436979885932296698362295972760224006144000.000000
PID: 0 thread 4 time 73508262448456606855550020208364102494293483753167779975424308760451313194202490439076179934710090201085627011948170729843108111730893310843795854057616890077857772816290655339455233252160639207924277566272561826594440609792.000000
PID: 0 thread 5 time 0.000000
PID: 0 thread 6 time 0.000000
PID: 0 thread 7 time 0.000000


MPI+OMP EXECUTION WITH 5 processes and 6 threads
Process 0; WTime: 98.009325
Process 4; WTime: 98.056209
Process 1; WTime: 98.053875
PID: 4 thread 0 time 96.521384
PID: 4 thread 1 time 96.349345
PID: 4 thread 2 time 72830014409616676171587077370885328839042555003483662482585770763166087051036519265506374234852942593108928807602214085610014076211101451883317206819644038913659617381212595686479946316670464952269946000643551226444342362112.000000
PID: 4 thread 3 time 67417988281768747790198408952258673882276193123674816301033585749593889461766428638260746790262909420013640386126912967973752403882986839002840633266340130968263417067343900426562376892103225180684288.000000
PID: 4 thread 4 time 19108567444330202554888489060991228458650588400377224746237855492669574376460309295935211336604987282802423536148964950044793956127364617625571198522761313569186931167821653525563542082265851495319312013543207862272.000000
PID: 4 thread 5 time 96.442654
Process 2; WTime: 97.983190
PID: 2 thread 0 time 96.602843
PID: 2 thread 1 time 96.293532
PID: 2 thread 2 time 96.130763
PID: 2 thread 3 time 96.306171
PID: 2 thread 4 time 1142816797397960297706283896779462607735104168925136445104188682128394597112537252914715204262091273685645321447748354482481215531878197623821637651172580504394254746461449306623847126401827910868130588506320368748350062210432281312110376386560.000000
PID: 2 thread 5 time 67868254399572342013743773431210489778867961536186450751340177960423335019718946887990387606673115830131322434460030007132842148991445195024813356863404782406823947351928440680685008154941519298560000.000000
PID: 0 thread 0 time 0.000000
PID: 0 thread 1 time 0.000000
PID: 0 thread 2 time 0.000000
PID: 0 thread 3 time 0.000000
PID: 0 thread 4 time 0.000000
PID: 0 thread 5 time 0.000000
Process 3; WTime: 98.038504
PID: 3 thread 0 time 97.064951
PID: 3 thread 1 time 96.639562
PID: 3 thread 2 time 96.580091
PID: 3 thread 3 time 97.041875
PID: 3 thread 4 time 1142816797397960297706283896779462607735104168925136445104188682128394597112537252914715204262091273685645321447748354482481215531878197623821637651172580504394254746461449306623847126401827910868130588506320368748350062210432281312110376386560.000000
PID: 3 thread 5 time 67868254399572342013743773431210489778867961536186450751340177960423335019718946887990387606673115830131322434460030007132842148991445195024813356863404782406823947351928440680685008154941519298560000.000000
PID: 1 thread 0 time 97.028618
PID: 1 thread 1 time 96.781840
PID: 1 thread 2 time 96.617339
PID: 1 thread 3 time 96.979374
PID: 1 thread 4 time 97.048196
PID: 1 thread 5 time 96.711492


MPI+OMP EXECUTION WITH 5 processes and 8 threads
Process 3; WTime: 129.629723
Process 0; WTime: 129.683127
PID: 0 thread 0 time 0.000000
PID: 0 thread 1 time 0.000000
PID: 0 thread 2 time 0.000000
PID: 0 thread 3 time 0.000000
PID: 0 thread 4 time 1142816797397960297706283896779462607735104168925136445104188682128394597112537252914715204262091273685645321447748354482481215531878197623821637651172580504394254746461449306623847126401827910868130588506320368748350062210432281312110376386560.000000
PID: 0 thread 5 time 67868254399572342013743773431210489778867961536186450751340177960423335019718946887990387606673115830131322434460030007132842148991445195024813356863404782406823947351928440680685008154941519298560000.000000
PID: 0 thread 6 time 63491143292589832075392856753903090046181289349683868578173922376279044518360662422748902729512023173555460997739900777125710470245301305438531357769728.000000
PID: 0 thread 7 time 0.000000
Process 2; WTime: 129.647147
PID: 3 thread 0 time 127.943232
PID: 2 thread 0 time 127.232243
PID: 3 thread 1 time 127.635272
PID: 3 thread 2 time 127.842819
PID: 2 thread 1 time 126.992919
PID: 2 thread 2 time 126.953280
PID: 2 thread 3 time 126.890233
PID: 3 thread 3 time 127.647329
PID: 2 thread 4 time 1142816797397960297706283896779462607735104168925136445104188682128394597112537252914715204262091273685645321447748354482481215531878197623821637651172580504394254746461449306623847126401827910868130588506320368748350062210432281312110376386560.000000
PID: 3 thread 4 time 1142816797397960297706283896779462607735104168925136445104188682128394597112537252914715204262091273685645321447748354482481215531878197623821637651172580504394254746461449306623847126401827910868130588506320368748350062210432281312110376386560.000000
PID: 2 thread 5 time 67868254399572342013743773431210489778867961536186450751340177960423335019718946887990387606673115830131322434460030007132842148991445195024813356863404782406823947351928440680685008154941519298560000.000000
PID: 3 thread 5 time 67868254399572342013743773431210489778867961536186450751340177960423335019718946887990387606673115830131322434460030007132842148991445195024813356863404782406823947351928440680685008154941519298560000.000000
PID: 2 thread 6 time 63491143292589832075392856753903090046181289349683868578173922376279044518360662422748902729512023173555460997739900777125710470245301305438531357769728.000000
PID: 2 thread 7 time 126.950875
PID: 3 thread 6 time 63491143292589832075392856753903090046181289349683868578173922376279044518360662422748902729512023173555460997739900777125710470245301305438531357769728.000000
PID: 3 thread 7 time 127.880957
Process 4; WTime: 129.606973
PID: 4 thread 0 time 127.362730
PID: 4 thread 1 time 127.007118
PID: 4 thread 2 time 646572285381426222808160952904471027514079930125728720247830036659342952249795760044412007772255634468623572877725090418580483949556875929320739730232152878231382384443392.000000
PID: 4 thread 3 time 127.311742
PID: 4 thread 4 time 135726546708154189218964847330740641506289203661304554072989195912058690540264715736922145678385756264985755128771319717811087922787631563462513545215670243998169549351582158883731193406907704673052686796344017978954873878183185076625999465147269120.000000
PID: 4 thread 5 time 126.684795
PID: 4 thread 6 time 127.062375
PID: 4 thread 7 time 59354664509619511766363310801758566132047348809274737932230658736595593483316841923454629998614630015614269416712931306204405824614270727311638647951482611689633043447808.000000
Process 1; WTime: 129.664234
PID: 1 thread 0 time 127.779171
PID: 1 thread 1 time 127.455327
PID: 1 thread 2 time 127.559992
PID: 1 thread 3 time 127.331001
PID: 1 thread 4 time 1142816797397960297706283896779462607735104168925136445104188682128394597112537252914715204262091273685645321447748354482481215531878197623821637651172580504394254746461449306623847126401827910868130588506320368748350062210432281312110376386560.000000
PID: 1 thread 5 time 67868254399572342013743773431210489778867961536186450751340177960423335019718946887990387606673115830131322434460030007132842148991445195024813356863404782406823947351928440680685008154941519298560000.000000
PID: 1 thread 6 time 63491143292589832075392856753903090046181289349683868578173922376279044518360662422748902729512023173555460997739900777125710470245301305438531357769728.000000
PID: 1 thread 7 time 127.442317
