Hybrid version
/var/spool/slurm/d/job11954/slurm_script: line 7: cd: mandelbrotSet/src: No such file or directory
mandelbrot_set.c(333): warning #266: function "sched_getcpu" declared implicitly
    return  sched_getcpu( );
            ^



OMP EXECUTION WITH 2 threads
Process 0; WTime: 514.100644
PID: 0 thread 0 time 513.518581
PID: 0 thread 1 time 513.513917


MPI+OMP EXECUTION WITH 2 processes and 4 threads
Process 1; WTime: 338.042565
PID: 1 thread 0 time 337.555091
PID: 1 thread 1 time 337.468458
PID: 1 thread 2 time 337.600502
PID: 1 thread 3 time 337.601878
Process 0; WTime: 338.043938
PID: 0 thread 0 time 0.000000
PID: 0 thread 1 time 0.000000
PID: 0 thread 2 time 0.000000
PID: 0 thread 3 time 0.000000


MPI+OMP EXECUTION WITH 2 processes and 8 threads
Process 0; WTime: 233.910828
Process 1; WTime: 233.912328
PID: 1 thread 0 time 233.432855
PID: 1 thread 1 time 233.487693
PID: 1 thread 2 time 233.429653
PID: 1 thread 3 time 233.484469
PID: 1 thread 4 time 233.455993
PID: 1 thread 5 time 233.469604
PID: 1 thread 6 time 233.488037
PID: 1 thread 7 time 233.481077
PID: 0 thread 0 time 0.000000
PID: 0 thread 1 time 0.000000
PID: 0 thread 2 time 646572285381426222808160952904471027514079930125728720247830036659342952249795760044412007772255634468623572877725090418580483949556875929320739730232152878231382384443392.000000
PID: 0 thread 3 time 172492327799207676485035691649568971289871874127989950860315252127968093913393031580914651509806721542861895473151906249170226593534780835854338813285029828073666054950178436979885932296698362295972760224006144000.000000
PID: 0 thread 4 time 73508262448456606855550020208364102494293483753167779975424308760451313194202490439076179934710090201085627011948170729843108111730893310843795854057616890077857772816290655339455233252160639207924277566272561826594440609792.000000
PID: 0 thread 5 time 0.000000
PID: 0 thread 6 time 0.000000
PID: 0 thread 7 time 0.000000


MPI+OMP EXECUTION WITH 3 processes and 8 threads
Process 1; WTime: 132.571262
PID: 1 thread 0 time 131.305411
PID: 1 thread 1 time 130.915251
PID: 1 thread 2 time 130.671661
PID: 1 thread 3 time 130.827912
PID: 1 thread 4 time 131.379135
PID: 1 thread 5 time 130.825011
PID: 1 thread 6 time 130.855923
PID: 1 thread 7 time 130.465888
Process 0; WTime: 132.551206
PID: 0 thread 0 time 0.000000
PID: 0 thread 1 time 0.000000
PID: 0 thread 2 time 8026746806895607243661978469608986634929530920000400967825323944775817168143774968079142955343564455493894968590635198040483792674499707758021377812124692737423310848.000000
PID: 0 thread 3 time 5386692280472086075819167652350899185047604005062512072059129204430794441106729707254934022976939864303577506833383631439028926663099813447064438137072643499904078871042852020852637096487026726987822066831826858003703463252328448.000000
PID: 0 thread 4 time 60112313092444571597633384694215270341997785399124750804137395766810728231560355444124340034548955525189669259844640352162886677133530687325095782681969633480594523879798472704.000000
PID: 0 thread 5 time 54982405182539346887591026689015767741700390082813350887443288441467139594996523537508928897746793606256792877605043560223295378876725965337201622004692206845100710719314689159392327844767148452845880237869137829516612859073691736914574650130825216.000000
PID: 0 thread 6 time 87953446005811585849321749102903520864636962005389756500821054085415064775988960015402318062648073802743895996364883204052630973699364058685407281552553874294140905341096621728204554332453076245413888.000000
PID: 0 thread 7 time 0.000000
Process 2; WTime: 132.606729
PID: 2 thread 0 time 129.396576
PID: 2 thread 1 time 128.435886
PID: 2 thread 2 time 128.769466
PID: 2 thread 3 time 128.724383
PID: 2 thread 4 time 128.976589
PID: 2 thread 5 time 128.390599
PID: 2 thread 6 time 128.839080
PID: 2 thread 7 time 128.836865


MPI+OMP EXECUTION WITH 5 processes and 6 threads
Process 3; WTime: 130.546349
Process 0; WTime: 130.555053
Process 4; WTime: 130.545929
PID: 4 thread 0 time 128.721915
PID: 4 thread 1 time 128.384666
PID: 4 thread 2 time 646572285381426222808160952904471027514079930125728720247830036659342952249795760044412007772255634468623572877725090418580483949556875929320739730232152878231382384443392.000000
PID: 4 thread 3 time 128.578415
PID: 4 thread 4 time 135726546708154189218964847330740641506289203661304554072989195912058690540264715736922145678385756264985755128771319717811087922787631563462513545215670243998169549351582158883731193406907704673052686796344017978954873878183185076625999465147269120.000000
PID: 4 thread 5 time 128.479176
PID: 0 thread 0 time 0.000000
PID: 0 thread 1 time 0.000000
PID: 0 thread 2 time 0.000000
PID: 0 thread 3 time 0.000000
PID: 0 thread 4 time 0.000000
PID: 0 thread 5 time 0.000000
Process 1; WTime: 130.530229
Process 2; WTime: 130.518300
PID: 2 thread 0 time 128.700731
PID: 2 thread 1 time 128.358394
PID: 2 thread 2 time 128.524027
PID: 2 thread 3 time 128.518731
PID: 2 thread 4 time 1142816797397960297706283896779462607735104168925136445104188682128394597112537252914715204262091273685645321447748354482481215531878197623821637651172580504394254746461449306623847126401827910868130588506320368748350062210432281312110376386560.000000
PID: 2 thread 5 time 67868254399572342013743773431210489778867961536186450751340177960423335019718946887990387606673115830131322434460030007132842148991445195024813356863404782406823947351928440680685008154941519298560000.000000
PID: 3 thread 0 time 129.140039
PID: 3 thread 1 time 128.898753
PID: 3 thread 2 time 646572285381426222808160952904471027514079930125728720247830036659342952249795760044412007772255634468623572877725090418580483949556875929320739730232152878231382384443392.000000
PID: 3 thread 3 time 129.067423
PID: 3 thread 4 time 135726546708154189218964847330740641506289203661304554072989195912058690540264715736922145678385756264985755128771319717811087922787631563462513545215670243998169549351582158883731193406907704673052686796344017978954873878183185076625999465147269120.000000
PID: 3 thread 5 time 128.626051
PID: 1 thread 0 time 129.089273
PID: 1 thread 1 time 128.862164
PID: 1 thread 2 time 8026746806895607243661978469608986634929530920000400967825323944775817168143774968079142955343564455493894968590635198040483792674499707758021377812124692737423310848.000000
PID: 1 thread 3 time 5386692280472086075819167652350899185047604005062512072059129204430794441106729707254934022976939864303577506833383631439028926663099813447064438137072643499904078871042852020852637096487026726987822066831826858003703463252328448.000000
PID: 1 thread 4 time 60112313092444571597633384694215270341997785399124750804137395766810728231560355444124340034548955525189669259844640352162886677133530687325095782681969633480594523879798472704.000000
PID: 1 thread 5 time 54982405182539346887591026689015767741700390082813350887443288441467139594996523537508928897746793606256792877605043560223295378876725965337201622004692206845100710719314689159392327844767148452845880237869137829516612859073691736914574650130825216.000000


MPI+OMP EXECUTION WITH 5 processes and 8 threads
Process 0; WTime: 129.457639
PID: 0 thread 0 time 0.000000
PID: 0 thread 1 time 0.000000
PID: 0 thread 2 time 0.000000
PID: 0 thread 3 time 0.000000
PID: 0 thread 4 time 0.000000
PID: 0 thread 5 time 8572068857490150749229914642478864926219223337629657454833575100722216993882560496131450488558194947039589735853249206232642451546373741672749993563626418065631774610676159202433984629641184251989432708289497620986357402036892606154329841900455332514611476518356249768801847745669033361755502024348139520.000000
PID: 0 thread 6 time 0.000000
PID: 0 thread 7 time 0.000000
Process 4; WTime: 129.453014
PID: 4 thread 0 time 127.582338
PID: 4 thread 1 time 127.224182
PID: 4 thread 2 time 127.227981
PID: 4 thread 3 time 1142816797397960297706283896779462607735104168925136445104188682128394597112537252914715204262091273685645321447748354482481215531878197623821637651172580504394254746461449306623847126401827910868130588506320368748350062210432281312110376386560.000000
PID: 4 thread 4 time 6967473997955026649504058173965827328073165654388952534453733930191963650036987815455806274351167623979057407510663119756702786579169358063115868958891045843973698068997523551698904103369597078153922916808118301270590406513454606910394352065230426603520.000000
PID: 4 thread 5 time 11711904212652138580608034175756649172905705525296732940661893839007163252193781802467451061198577319104121535146172752838979646698113777454829096399837416911756328960.000000
PID: 4 thread 6 time 5386692280603950024113112721745604258530139357240522049621153262547276913849667954289145182637652486869579829136859107981050659985680220457283189832302833102106015454812711943482162039548356770335550557779941832821744975050964992.000000
PID: 4 thread 7 time 127.173132
Process 3; WTime: 129.438369
PID: 3 thread 0 time 127.888460
PID: 3 thread 1 time 127.617076
PID: 3 thread 2 time 127.514278
PID: 3 thread 3 time 127.950489
PID: 3 thread 4 time 1142816797397960297706283896779462607735104168925136445104188682128394597112537252914715204262091273685645321447748354482481215531878197623821637651172580504394254746461449306623847126401827910868130588506320368748350062210432281312110376386560.000000
PID: 3 thread 5 time 67868254399572342013743773431210489778867961536186450751340177960423335019718946887990387606673115830131322434460030007132842148991445195024813356863404782406823947351928440680685008154941519298560000.000000
PID: 3 thread 6 time 63491143292589832075392856753903090046181289349683868578173922376279044518360662422748902729512023173555460997739900777125710470245301305438531357769728.000000
PID: 3 thread 7 time 127.704780
Process 2; WTime: 129.343231
PID: 2 thread 0 time 127.241292
PID: 2 thread 1 time 126.961038
PID: 2 thread 2 time 126.850113
PID: 2 thread 3 time 126.816813
PID: 2 thread 4 time 1142816797397960297706283896779462607735104168925136445104188682128394597112537252914715204262091273685645321447748354482481215531878197623821637651172580504394254746461449306623847126401827910868130588506320368748350062210432281312110376386560.000000
PID: 2 thread 5 time 67868254399572342013743773431210489778867961536186450751340177960423335019718946887990387606673115830131322434460030007132842148991445195024813356863404782406823947351928440680685008154941519298560000.000000
PID: 2 thread 6 time 63491143292589832075392856753903090046181289349683868578173922376279044518360662422748902729512023173555460997739900777125710470245301305438531357769728.000000
PID: 2 thread 7 time 126.999738
Process 1; WTime: 129.377145
PID: 1 thread 0 time 127.832343
PID: 1 thread 1 time 127.413627
PID: 1 thread 2 time 127.906115
PID: 1 thread 3 time 127.628355
PID: 1 thread 4 time 1142816797397960297706283896779462607735104168925136445104188682128394597112537252914715204262091273685645321447748354482481215531878197623821637651172580504394254746461449306623847126401827910868130588506320368748350062210432281312110376386560.000000
PID: 1 thread 5 time 67868254399572342013743773431210489778867961536186450751340177960423335019718946887990387606673115830131322434460030007132842148991445195024813356863404782406823947351928440680685008154941519298560000.000000
PID: 1 thread 6 time 63491143292589832075392856753903090046181289349683868578173922376279044518360662422748902729512023173555460997739900777125710470245301305438531357769728.000000
PID: 1 thread 7 time 127.894598
