MPI version
/var/spool/slurm/d/job11926/slurm_script: line 6: cd: mandelbrotSet/src: No such file or directory
mandelbrot_set.c(333): warning #266: function "sched_getcpu" declared implicitly
    return  sched_getcpu( );
            ^



MPI EXECUTION with 2 processes
Process 1; WTime: 1020.616469
Process 0; WTime: 1020.618411


MPI EXECUTION with 3 processes
Process 2; WTime: 498.743241
Process 0; WTime: 498.743194
Process 1; WTime: 498.743632


MPI EXECUTION with 4 processes
Process 2; WTime: 330.692175
Process 3; WTime: 330.692209
Process 0; WTime: 330.692061
Process 1; WTime: 330.692556


MPI EXECUTION with 5 processes
Process 2; WTime: 257.403438
Process 4; WTime: 257.403467
Process 0; WTime: 257.403415
Process 3; WTime: 257.403419
Process 1; WTime: 257.403858


MPI EXECUTION with 6 processes
Process 2; WTime: 212.517868
Process 4; WTime: 212.517849
Process 0; WTime: 212.517616
Process 1; WTime: 212.517853
Process 5; WTime: 212.517830
Process 3; WTime: 212.518280


MPI EXECUTION with 7 processes
Process 0; WTime: 177.899459
Process 2; WTime: 177.899560
Process 4; WTime: 177.899524
Process 3; WTime: 177.899549
Process 5; WTime: 177.899540
Process 6; WTime: 177.899570
Process 1; WTime: 177.899943


MPI EXECUTION with 8 processes
Process 4; WTime: 157.547270
Process 0; WTime: 157.547222
Process 1; WTime: 157.547324
Process 2; WTime: 157.547309
Process 5; WTime: 157.547377
Process 6; WTime: 157.547318
Process 7; WTime: 157.547377
Process 3; WTime: 157.547794


MPI EXECUTION with 9 processes
Process 2; WTime: 138.421456
Process 3; WTime: 138.421493
Process 4; WTime: 138.421470
Process 5; WTime: 138.421504
Process 6; WTime: 138.421474
Process 8; WTime: 138.421484
Process 0; WTime: 138.421367
Process 1; WTime: 138.421445
Process 7; WTime: 138.421845


MPI EXECUTION with 10 processes
Process 0; WTime: 125.252597
Process 1; WTime: 125.252643
Process 2; WTime: 125.252603
Process 3; WTime: 125.252643
Process 4; WTime: 125.252603
Process 5; WTime: 125.252642
Process 7; WTime: 125.252648
Process 8; WTime: 125.252612
Process 9; WTime: 125.252552
Process 6; WTime: 125.253157


MPI EXECUTION with 11 processes
Process 4; WTime: 116.711909
Process 8; WTime: 116.711955
Process 9; WTime: 116.711976
Process 10; WTime: 116.711937
Process 0; WTime: 116.711822
Process 1; WTime: 116.711994
Process 2; WTime: 116.712114
Process 3; WTime: 116.711984
Process 5; WTime: 116.711921
Process 6; WTime: 116.712024
Process 7; WTime: 116.712373


MPI EXECUTION with 12 processes
Process 0; WTime: 109.248394
Process 2; WTime: 109.248454
Process 3; WTime: 109.248415
Process 4; WTime: 109.248396
Process 5; WTime: 109.248480
Process 6; WTime: 109.248340
Process 7; WTime: 109.248423
Process 8; WTime: 109.248403
Process 9; WTime: 109.248419
Process 10; WTime: 109.248460
Process 11; WTime: 109.248441
Process 1; WTime: 109.248924


MPI EXECUTION with 13 processes
Process 0; WTime: 103.109991
Process 6; WTime: 103.110052
Process 7; WTime: 103.110090
Process 8; WTime: 103.110074
Process 9; WTime: 103.110120
Process 11; WTime: 103.110185
Process 12; WTime: 103.110140
Process 1; WTime: 103.110184
Process 2; WTime: 103.110096
Process 3; WTime: 103.110051
Process 4; WTime: 103.110151
Process 5; WTime: 103.110085
Process 10; WTime: 103.110572


MPI EXECUTION with 14 processes
Process 0; WTime: 94.435999
Process 1; WTime: 94.436248
Process 2; WTime: 94.436244
Process 4; WTime: 94.436276
Process 5; WTime: 94.436278
Process 6; WTime: 94.436135
Process 7; WTime: 94.436193
Process 8; WTime: 94.436161
Process 9; WTime: 94.436191
Process 10; WTime: 94.436245
Process 11; WTime: 94.436223
Process 12; WTime: 94.436196
Process 13; WTime: 94.436300
Process 3; WTime: 94.436734


MPI EXECUTION with 15 processes
Process 0; WTime: 90.538528
Process 1; WTime: 90.538653
Process 3; WTime: 90.538298
Process 4; WTime: 90.538772
Process 5; WTime: 90.538761
Process 6; WTime: 90.538612
Process 7; WTime: 90.538707
Process 8; WTime: 90.538737
Process 9; WTime: 90.538682
Process 10; WTime: 90.538736
Process 12; WTime: 90.538776
Process 13; WTime: 90.538634
Process 14; WTime: 90.538571
Process 2; WTime: 90.538746
Process 11; WTime: 90.539227


MPI EXECUTION with 16 processes
Process 4; WTime: 85.046059
Process 8; WTime: 85.045943
Process 9; WTime: 85.045990
Process 0; WTime: 85.045853
Process 1; WTime: 85.046092
Process 3; WTime: 85.046049
Process 5; WTime: 85.046069
Process 6; WTime: 85.045977
Process 7; WTime: 85.046078
Process 10; WTime: 85.045958
Process 11; WTime: 85.046058
Process 12; WTime: 85.045953
Process 13; WTime: 85.046086
Process 14; WTime: 85.046084
Process 15; WTime: 85.042888
Process 2; WTime: 85.046500


MPI EXECUTION with 17 processes
Process 1; WTime: 81.264023
Process 2; WTime: 81.264354
Process 3; WTime: 81.264331
Process 4; WTime: 81.264367
Process 5; WTime: 81.264302
Process 6; WTime: 81.264281
Process 7; WTime: 81.264269
Process 8; WTime: 81.264017
Process 9; WTime: 81.264313
Process 10; WTime: 81.264040
Process 11; WTime: 81.264294
Process 13; WTime: 81.264346
Process 14; WTime: 81.264375
Process 15; WTime: 81.264331
Process 16; WTime: 81.264267
Process 0; WTime: 81.264054
Process 12; WTime: 81.264839


MPI EXECUTION with 18 processes
Process 8; WTime: 77.934095
Process 9; WTime: 77.933867
Process 10; WTime: 77.934107
Process 11; WTime: 77.934050
Process 12; WTime: 77.934068
Process 13; WTime: 77.934049
Process 14; WTime: 77.934124
Process 15; WTime: 77.934063
Process 16; WTime: 77.934118
Process 17; WTime: 77.933987
Process 0; WTime: 77.933366
Process 2; WTime: 77.934056
Process 3; WTime: 77.934048
Process 4; WTime: 77.934121
Process 5; WTime: 77.934107
Process 6; WTime: 77.933952
Process 7; WTime: 77.933590
Process 1; WTime: 77.934397


MPI EXECUTION with 19 processes
Process 2; WTime: 74.862616
Process 3; WTime: 74.862629
Process 4; WTime: 74.862655
Process 6; WTime: 74.862340
Process 12; WTime: 74.862813
Process 14; WTime: 74.862597
Process 0; WTime: 74.862259
Process 1; WTime: 74.862798
Process 5; WTime: 74.862682
Process 7; WTime: 74.862653
Process 8; WTime: 74.862666
Process 11; WTime: 74.862719
Process 13; WTime: 74.862377
Process 15; WTime: 74.862775
Process 17; WTime: 74.862789
Process 18; WTime: 74.862384
Process 9; WTime: 74.862744
Process 16; WTime: 74.863099
Process 10; WTime: 74.863301


MPI EXECUTION with 20 processes
Process 4; WTime: 71.971626
Process 10; WTime: 71.971548
Process 11; WTime: 71.971655
Process 0; WTime: 71.971551
Process 1; WTime: 71.971777
Process 2; WTime: 71.971547
Process 3; WTime: 71.971767
Process 5; WTime: 71.971790
Process 6; WTime: 71.971799
Process 7; WTime: 71.971691
Process 8; WTime: 71.971225
Process 9; WTime: 71.971656
Process 12; WTime: 71.971766
Process 13; WTime: 71.971670
Process 15; WTime: 71.971699
Process 17; WTime: 71.971670
Process 18; WTime: 71.971575
Process 14; WTime: 71.971615
Process 19; WTime: 71.971987
Process 16; WTime: 71.972131
