/var/spool/slurm/d/job11923/slurm_script: line 2: cd: mandelbrotSet/src: No such file or directory
Threads version
mandelbrot_set.c(331): warning #266: function "sched_getcpu" declared implicitly
    return  sched_getcpu( );
            ^



OMP EXECUTION WITH 2 threads
Process 0; WTime: 511.791145
PID: 0 thread 0 time 511.122502
PID: 0 thread 1 time 511.116612


OMP EXECUTION WITH 3 threads
Process 0; WTime: 362.925700
PID: 0 thread 0 time 362.474591
PID: 0 thread 1 time 362.483435
PID: 0 thread 2 time 362.484439


OMP EXECUTION WITH 4 threads
Process 0; WTime: 281.897239
PID: 0 thread 0 time 281.554481
PID: 0 thread 1 time 281.551590
PID: 0 thread 2 time 281.535698
PID: 0 thread 3 time 281.535330


OMP EXECUTION WITH 5 threads
Process 0; WTime: 224.889361
PID: 0 thread 0 time 224.635542
PID: 0 thread 1 time 224.623664
PID: 0 thread 2 time 224.635026
PID: 0 thread 3 time 224.631367
PID: 0 thread 4 time 224.706933


OMP EXECUTION WITH 6 threads
Process 0; WTime: 198.731661
PID: 0 thread 0 time 198.454856
PID: 0 thread 1 time 198.456616
PID: 0 thread 2 time 198.431886
PID: 0 thread 3 time 198.428897
PID: 0 thread 4 time 198.439891
PID: 0 thread 5 time 198.437367


OMP EXECUTION WITH 7 threads
Process 0; WTime: 178.061330
PID: 0 thread 0 time 177.691433
PID: 0 thread 1 time 177.690144
PID: 0 thread 2 time 177.688464
PID: 0 thread 3 time 177.683440
PID: 0 thread 4 time 177.685687
PID: 0 thread 5 time 177.689123
PID: 0 thread 6 time 177.692043


OMP EXECUTION WITH 8 threads
Process 0; WTime: 161.259679
PID: 0 thread 0 time 160.911856
PID: 0 thread 1 time 160.918488
PID: 0 thread 2 time 160.913828
PID: 0 thread 3 time 160.915765
PID: 0 thread 4 time 160.923058
PID: 0 thread 5 time 160.914414
PID: 0 thread 6 time 160.915909
PID: 0 thread 7 time 160.917255


OMP EXECUTION WITH 9 threads
Process 0; WTime: 147.240196
PID: 0 thread 0 time 146.998541
PID: 0 thread 1 time 147.005507
PID: 0 thread 2 time 8026746806895607243661978469608986634929530920000400967825323944775817168143774968079142955343564455493894968590635198040483792674499707758021377812124692737423310848.000000
PID: 0 thread 3 time 5386692280472086075819167652350899185047604005062512072059129204430794441106729707254934022976939864303577506833383631439028926663099813447064438137072643499904078871042852020852637096487026726987822066831826858003703463252328448.000000
PID: 0 thread 4 time 60112313092444571597633384694215270341997785399124750804137395766810728231560355444124340034548955525189669259844640352162886677133530687325095782681969633480594523879798472704.000000
PID: 0 thread 5 time 54982405182539346887591026689015767741700390082813350887443288441467139594996523537508928897746793606256792877605043560223295378876725965337201622004692206845100710719314689159392327844767148452845880237869137829516612859073691736914574650130825216.000000
PID: 0 thread 6 time 150762160672199851431200736882240851031967209677800444326920160478259480690454170055138841581553075219082500907812729125493543322639247223556719344222114651570176.000000
PID: 0 thread 7 time 146.997230
PID: 0 thread 8 time 146.977097


OMP EXECUTION WITH 10 threads
Process 0; WTime: 135.553341
PID: 0 thread 0 time 135.329765
PID: 0 thread 1 time 135.330744
PID: 0 thread 2 time 135.328449
PID: 0 thread 3 time 135.325130
PID: 0 thread 4 time 135.328337
PID: 0 thread 5 time 135.331509
PID: 0 thread 6 time 135.332817
PID: 0 thread 7 time 135.327355
PID: 0 thread 8 time 135.356712
PID: 0 thread 9 time 135.352179


OMP EXECUTION WITH 11 threads
Process 0; WTime: 135.607492
PID: 0 thread 0 time 135.332587
PID: 0 thread 1 time 135.269529
PID: 0 thread 2 time 135.311385
PID: 0 thread 3 time 135.327392
PID: 0 thread 4 time 135.335831
PID: 0 thread 5 time 135.329161
PID: 0 thread 6 time 135.333813
PID: 0 thread 7 time 135.334083
PID: 0 thread 8 time 135.340938
PID: 0 thread 9 time 135.337139
PID: 0 thread 10 time 135.340403


OMP EXECUTION WITH 12 threads
Process 0; WTime: 135.592781
PID: 0 thread 0 time 135.298076
PID: 0 thread 1 time 135.377329
PID: 0 thread 2 time 135.327733
PID: 0 thread 3 time 135.338634
PID: 0 thread 4 time 135.337288
PID: 0 thread 5 time 135.319671
PID: 0 thread 6 time 135.353797
PID: 0 thread 7 time 135.300736
PID: 0 thread 8 time 135.333645
PID: 0 thread 9 time 135.338253
PID: 0 thread 10 time 135.353471
PID: 0 thread 11 time 135.354825


OMP EXECUTION WITH 13 threads
Process 0; WTime: 135.618427
PID: 0 thread 0 time 135.376524
PID: 0 thread 1 time 135.308835
PID: 0 thread 2 time 135.304892
PID: 0 thread 3 time 135.348906
PID: 0 thread 4 time 135.369525
PID: 0 thread 5 time 135.286042
PID: 0 thread 6 time 135.333333
PID: 0 thread 7 time 135.312076
PID: 0 thread 8 time 135.354888
PID: 0 thread 9 time 135.329423
PID: 0 thread 10 time 135.324545
PID: 0 thread 11 time 135.328629
PID: 0 thread 12 time 135.333381


OMP EXECUTION WITH 14 threads
Process 0; WTime: 135.650163
PID: 0 thread 0 time 135.335936
PID: 0 thread 1 time 135.330109
PID: 0 thread 2 time 135.330580
PID: 0 thread 3 time 135.316239
PID: 0 thread 4 time 1142816797397960297706283896779462607735104168925136445104188682128394597112537252914715204262091273685645321447748354482481215531878197623821637651172580504394254746461449306623847126401827910868130588506320368748350062210432281312110376386560.000000
PID: 0 thread 5 time 67868254399572342013743773431210489778867961536186450751340177960423335019718946887990387606673115830131322434460030007132842148991445195024813356863404782406823947351928440680685008154941519298560000.000000
PID: 0 thread 6 time 63491143292589832075392856753903090046181289349683868578173922376279044518360662422748902729512023173555460997739900777125710470245301305438531357769728.000000
PID: 0 thread 7 time 135.318236
PID: 0 thread 8 time 181152584575172103787844506046188864169168659614760556636696762631034553296323472072681192179261666408446516016308828871086522812897386957811842941859837287975168864239439455519309449483349268546398971003851264694348074165833006443085569226514697455273500014877171207110656.000000
PID: 0 thread 9 time 3684234506175521138993195438539925733898802656486800080196466417274813751793990734701742805998961771016962357573827332418380975142139507505362794046238975257778844151875145320890368.000000
PID: 0 thread 10 time 72830014409616676171587077370885328839042555003483662482585770763166087051036519265506374234852942593108928807602214085610014076211101451883317206819644038913659617381212595686479946316670464952269946000643551226444342362112.000000
PID: 0 thread 11 time 67417988281768747790198408952258673882276193123674816301033585749593889461766428638260746790262909420013640386126912967973752403882986839002840633266340130968263417067343900426562376892103225180684288.000000
PID: 0 thread 12 time 19108567444330202554888489060991228458650588400377224746237855492669574376460309295935211336604987282802423536148964950044793956127364617625571198522761313569186931167821653525563542082265851495319312013543207862272.000000
PID: 0 thread 13 time 135.330686


OMP EXECUTION WITH 15 threads
Process 0; WTime: 135.630716
PID: 0 thread 0 time 135.378032
PID: 0 thread 1 time 135.413584
PID: 0 thread 2 time 135.347428
PID: 0 thread 3 time 135.357460
PID: 0 thread 4 time 1142816797397960297706283896779462607735104168925136445104188682128394597112537252914715204262091273685645321447748354482481215531878197623821637651172580504394254746461449306623847126401827910868130588506320368748350062210432281312110376386560.000000
PID: 0 thread 5 time 67868254399572342013743773431210489778867961536186450751340177960423335019718946887990387606673115830131322434460030007132842148991445195024813356863404782406823947351928440680685008154941519298560000.000000
PID: 0 thread 6 time 63491143292589832075392856753903090046181289349683868578173922376279044518360662422748902729512023173555460997739900777125710470245301305438531357769728.000000
PID: 0 thread 7 time 135.351900
PID: 0 thread 8 time 181152584575172103787844506046188864169168659614760556636696762631034553296323472072681192179261666408446516016308828871086522812897386957811842941859837287975168864239439455519309449483349268546398971003851264694348074165833006443085569226514697455273500014877171207110656.000000
PID: 0 thread 9 time 3684234506175521138993195438539925733898802656486800080196466417274813751793990734701742805998961771016962357573827332418380975142139507505362794046238975257778844151875145320890368.000000
PID: 0 thread 10 time 72830014409616676171587077370885328839042555003483662482585770763166087051036519265506374234852942593108928807602214085610014076211101451883317206819644038913659617381212595686479946316670464952269946000643551226444342362112.000000
PID: 0 thread 11 time 67417988281768747790198408952258673882276193123674816301033585749593889461766428638260746790262909420013640386126912967973752403882986839002840633266340130968263417067343900426562376892103225180684288.000000
PID: 0 thread 12 time 19108567444330202554888489060991228458650588400377224746237855492669574376460309295935211336604987282802423536148964950044793956127364617625571198522761313569186931167821653525563542082265851495319312013543207862272.000000
PID: 0 thread 13 time 135.364155
PID: 0 thread 14 time 135.359526


OMP EXECUTION WITH 16 threads
Process 0; WTime: 135.654449
PID: 0 thread 0 time 135.344511
PID: 0 thread 1 time 135.359425
PID: 0 thread 2 time 135.326374
PID: 0 thread 3 time 135.376275
PID: 0 thread 4 time 1142816797397960297706283896779462607735104168925136445104188682128394597112537252914715204262091273685645321447748354482481215531878197623821637651172580504394254746461449306623847126401827910868130588506320368748350062210432281312110376386560.000000
PID: 0 thread 5 time 67868254399572342013743773431210489778867961536186450751340177960423335019718946887990387606673115830131322434460030007132842148991445195024813356863404782406823947351928440680685008154941519298560000.000000
PID: 0 thread 6 time 63491143292589832075392856753903090046181289349683868578173922376279044518360662422748902729512023173555460997739900777125710470245301305438531357769728.000000
PID: 0 thread 7 time 135.340816
PID: 0 thread 8 time 181152584575172103787844506046188864169168659614760556636696762631034553296323472072681192179261666408446516016308828871086522812897386957811842941859837287975168864239439455519309449483349268546398971003851264694348074165833006443085569226514697455273500014877171207110656.000000
PID: 0 thread 9 time 3684234506175521138993195438539925733898802656486800080196466417274813751793990734701742805998961771016962357573827332418380975142139507505362794046238975257778844151875145320890368.000000
PID: 0 thread 10 time 72830014409616676171587077370885328839042555003483662482585770763166087051036519265506374234852942593108928807602214085610014076211101451883317206819644038913659617381212595686479946316670464952269946000643551226444342362112.000000
PID: 0 thread 11 time 67417988281768747790198408952258673882276193123674816301033585749593889461766428638260746790262909420013640386126912967973752403882986839002840633266340130968263417067343900426562376892103225180684288.000000
PID: 0 thread 12 time 135.365286
PID: 0 thread 13 time 135.365452
PID: 0 thread 14 time 135.361037
PID: 0 thread 15 time 135.272828


OMP EXECUTION WITH 17 threads
Process 0; WTime: 135.692127
PID: 0 thread 0 time 135.261359
PID: 0 thread 1 time 135.353106
PID: 0 thread 2 time 135.331534
PID: 0 thread 3 time 135.286905
PID: 0 thread 4 time 1142816797397960297706283896779462607735104168925136445104188682128394597112537252914715204262091273685645321447748354482481215531878197623821637651172580504394254746461449306623847126401827910868130588506320368748350062210432281312110376386560.000000
PID: 0 thread 5 time 67868254399572342013743773431210489778867961536186450751340177960423335019718946887990387606673115830131322434460030007132842148991445195024813356863404782406823947351928440680685008154941519298560000.000000
PID: 0 thread 6 time 63491143292589832075392856753903090046181289349683868578173922376279044518360662422748902729512023173555460997739900777125710470245301305438531357769728.000000
PID: 0 thread 7 time 135.229625
PID: 0 thread 8 time 181152584575172103787844506046188864169168659614760556636696762631034553296323472072681192179261666408446516016308828871086522812897386957811842941859837287975168864239439455519309449483349268546398971003851264694348074165833006443085569226514697455273500014877171207110656.000000
PID: 0 thread 9 time 3684234506175521138993195438539925733898802656486800080196466417274813751793990734701742805998961771016962357573827332418380975142139507505362794046238975257778844151875145320890368.000000
PID: 0 thread 10 time 72830014409616676171587077370885328839042555003483662482585770763166087051036519265506374234852942593108928807602214085610014076211101451883317206819644038913659617381212595686479946316670464952269946000643551226444342362112.000000
PID: 0 thread 11 time 67417988281768747790198408952258673882276193123674816301033585749593889461766428638260746790262909420013640386126912967973752403882986839002840633266340130968263417067343900426562376892103225180684288.000000
PID: 0 thread 12 time 135.331404
PID: 0 thread 13 time 135.333884
PID: 0 thread 14 time 135.319319
PID: 0 thread 15 time 135.326512
PID: 0 thread 16 time 135.341797


OMP EXECUTION WITH 18 threads
Process 0; WTime: 135.648749
PID: 0 thread 0 time 135.421900
PID: 0 thread 1 time 135.348200
PID: 0 thread 2 time 135.359315
PID: 0 thread 3 time 135.322652
PID: 0 thread 4 time 135.335249
PID: 0 thread 5 time 135.420776
PID: 0 thread 6 time 135.396772
PID: 0 thread 7 time 135.412812
PID: 0 thread 8 time 135.380709
PID: 0 thread 9 time 135.410836
PID: 0 thread 10 time 135.344788
PID: 0 thread 11 time 135.323409
PID: 0 thread 12 time 135.402904
PID: 0 thread 13 time 135.393264
PID: 0 thread 14 time 135.399884
PID: 0 thread 15 time 135.388350
PID: 0 thread 16 time 135.393601
PID: 0 thread 17 time 135.369373


OMP EXECUTION WITH 19 threads
Process 0; WTime: 135.577593
PID: 0 thread 0 time 135.391871
PID: 0 thread 1 time 135.346165
PID: 0 thread 2 time 646572285381426222808160952904471027514079930125728720247830036659342952249795760044412007772255634468623572877725090418580483949556875929320739730232152878231382384443392.000000
PID: 0 thread 3 time 135.288546
PID: 0 thread 4 time 135726546708154189218964847330740641506289203661304554072989195912058690540264715736922145678385756264985755128771319717811087922787631563462513545215670243998169549351582158883731193406907704673052686796344017978954873878183185076625999465147269120.000000
PID: 0 thread 5 time 135.345599
PID: 0 thread 6 time 135.260206
PID: 0 thread 7 time 59354664509619511766363310801758566132047348809274737932230658736595593483316841923454629998614630015614269416712931306204405824614270727311638647951482611689633043447808.000000
PID: 0 thread 8 time 128624655405119486070106391162830095461997700726264648867431755217557464325198720070996038587506433885268591581181978406689694865878685619999406175874933424581683772522271887441733081073545321968016801245961927726293668585702619740465381353963126784.000000
PID: 0 thread 9 time 11712242955229959263880352287100253633706613791019161417622440468214287906303590017093909046591785509396183219694756425426680393967777369423667203099093441895433502720.000000
PID: 0 thread 10 time 135.308583
PID: 0 thread 11 time 135.293060
PID: 0 thread 12 time 135.334814
PID: 0 thread 13 time 1142816797397960297706283896779462607735104168925136445104188682128394597112537252914715204262091273685645321447748354482481215531878197623821637651172580504394254746461449306623847126401827910868130588506320368748350062210432281312110376386560.000000
PID: 0 thread 14 time 6967473997955026649504058173965827328073165654388952534453733930191963650036987815455806274351167623979057407510663119756702786579169358063115868958891045843973698068997523551698904103369597078153922916808118301270590406513454606910394352065230426603520.000000
PID: 0 thread 15 time 11711904212652138580608034175756649172905705525296732940661893839007163252193781802467451061198577319104121535146172752838979646698113777454829096399837416911756328960.000000
PID: 0 thread 16 time 5386692280603950024113112721745604258530139357240522049621153262547276913849667954289145182637652486869579829136859107981050659985680220457283189832302833102106015454812711943482162039548356770335550557779941832821744975050964992.000000
PID: 0 thread 17 time 135.366410
PID: 0 thread 18 time 135.363723


OMP EXECUTION WITH 20 threads
Process 0; WTime: 135.594697
PID: 0 thread 0 time 135.319862
PID: 0 thread 1 time 135.259666
PID: 0 thread 2 time 135.344468
PID: 0 thread 3 time 135.297734
PID: 0 thread 4 time 135.299488
PID: 0 thread 5 time 135.401566
PID: 0 thread 6 time 135.351326
PID: 0 thread 7 time 135.370239
PID: 0 thread 8 time 135.308648
PID: 0 thread 9 time 135.356804
PID: 0 thread 10 time 135.368920
PID: 0 thread 11 time 135.400121
PID: 0 thread 12 time 135.270145
PID: 0 thread 13 time 135.262450
PID: 0 thread 14 time 135.349732
PID: 0 thread 15 time 135.347561
PID: 0 thread 16 time 135.400727
PID: 0 thread 17 time 135.387224
PID: 0 thread 18 time 135.393574
PID: 0 thread 19 time 135.391796
