Threads version - weak scaling
/var/spool/slurm/d/job11939/slurm_script: line 3: cd: mandelbrotSet/src: No such file or directory
mandelbrot_set.c(333): warning #266: function "sched_getcpu" declared implicitly
    return  sched_getcpu( );
            ^



OMP EXECUTION WITH 2 threads
Process 0; WTime: 8.321287
PID: 0 thread 0 time 8.198054
PID: 0 thread 1 time 8.197776


OMP EXECUTION WITH 4 threads
Process 0; WTime: 9.007601
PID: 0 thread 0 time 8.923271
PID: 0 thread 1 time 8.924097
PID: 0 thread 2 time 8.923775
PID: 0 thread 3 time 8.923544


OMP EXECUTION WITH 8 threads
Process 0; WTime: 9.024667
PID: 0 thread 0 time 8.963516
PID: 0 thread 1 time 8.963298
PID: 0 thread 2 time 8.961164
PID: 0 thread 3 time 8.962016
PID: 0 thread 4 time 8.961989
PID: 0 thread 5 time 8.961058
PID: 0 thread 6 time 8.961033
PID: 0 thread 7 time 8.961247


OMP EXECUTION WITH 12 threads
Process 0; WTime: 9.039239
PID: 0 thread 0 time 8.927362
PID: 0 thread 1 time 8.928727
PID: 0 thread 2 time 8.926183
PID: 0 thread 3 time 8.927948
PID: 0 thread 4 time 1142816797397960297706283896779462607735104168925136445104188682128394597112537252914715204262091273685645321447748354482481215531878197623821637651172580504394254746461449306623847126401827910868130588506320368748350062210432281312110376386560.000000
PID: 0 thread 5 time 67868254399572342013743773431210489778867961536186450751340177960423335019718946887990387606673115830131322434460030007132842148991445195024813356863404782406823947351928440680685008154941519298560000.000000
PID: 0 thread 6 time 63491143292589832075392856753903090046181289349683868578173922376279044518360662422748902729512023173555460997739900777125710470245301305438531357769728.000000
PID: 0 thread 7 time 8.926275
PID: 0 thread 8 time 181152584575172103787844506046188864169168659614760556636696762631034553296323472072681192179261666408446516016308828871086522812897386957811842941859837287975168864239439455519309449483349268546398971003851264694348074165833006443085569226514697455273500014877171207110656.000000
PID: 0 thread 9 time 3684234506175521138993195438539925733898802656486800080196466417274813751793990734701742805998961771016962357573827332418380975142139507505362794046238975257778844151875145320890368.000000
PID: 0 thread 10 time 72830014409616676171587077370885328839042555003483662482585770763166087051036519265506374234852942593108928807602214085610014076211101451883317206819644038913659617381212595686479946316670464952269946000643551226444342362112.000000
PID: 0 thread 11 time 67417988281768747790198408952258673882276193123674816301033585749593889461766428638260746790262909420013640386126912967973752403882986839002840633266340130968263417067343900426562376892103225180684288.000000


OMP EXECUTION WITH 16 threads
Process 0; WTime: 9.672446
PID: 0 thread 0 time 9.520191
PID: 0 thread 1 time 9.517099
PID: 0 thread 2 time 9.516479
PID: 0 thread 3 time 9.517568
PID: 0 thread 4 time 9.517563
PID: 0 thread 5 time 9.519172
PID: 0 thread 6 time 9.520606
PID: 0 thread 7 time 9.517761
PID: 0 thread 8 time 9.520974
PID: 0 thread 9 time 9.516987
PID: 0 thread 10 time 9.521213
PID: 0 thread 11 time 9.519221
PID: 0 thread 12 time 9.516151
PID: 0 thread 13 time 9.516470
PID: 0 thread 14 time 9.517526
PID: 0 thread 15 time 9.517841


OMP EXECUTION WITH 20 threads
Process 0; WTime: 10.108207
PID: 0 thread 0 time 10.019775
PID: 0 thread 1 time 10.019247
PID: 0 thread 2 time 10.019522
PID: 0 thread 3 time 10.019677
PID: 0 thread 4 time 10.020684
PID: 0 thread 5 time 10.018697
PID: 0 thread 6 time 10.019831
PID: 0 thread 7 time 10.019618
PID: 0 thread 8 time 10.020080
PID: 0 thread 9 time 10.020469
PID: 0 thread 10 time 10.020816
PID: 0 thread 11 time 10.020880
PID: 0 thread 12 time 10.020596
PID: 0 thread 13 time 10.020240
PID: 0 thread 14 time 10.019902
PID: 0 thread 15 time 10.018968
PID: 0 thread 16 time 10.018389
PID: 0 thread 17 time 10.017814
PID: 0 thread 18 time 10.019104
PID: 0 thread 19 time 10.018670
