/var/spool/slurm/d/job11920/slurm_script: line 2: cd: mandelbrotSet/src: No such file or directory
Threads version
mandelbrot_set.c(331): warning #266: function "sched_getcpu" declared implicitly
    return  sched_getcpu( );
            ^



OMP EXECUTION WITH 2 threads
Process 0; WTime: 510.217765
PID: 0 thread 0 time 509.747591
PID: 0 thread 1 time 509.753858


OMP EXECUTION WITH 3 threads
Process 0; WTime: 349.686521
PID: 0 thread 0 time 349.397083
PID: 0 thread 1 time 349.386546
PID: 0 thread 2 time 349.390539


OMP EXECUTION WITH 4 threads
Process 0; WTime: 270.804790
PID: 0 thread 0 time 270.571953
PID: 0 thread 1 time 270.576304
PID: 0 thread 2 time 270.570291
PID: 0 thread 3 time 270.567946


OMP EXECUTION WITH 5 threads
Process 0; WTime: 222.675524
PID: 0 thread 0 time 222.485143
PID: 0 thread 1 time 222.487991
PID: 0 thread 2 time 222.468183
PID: 0 thread 3 time 222.471694
PID: 0 thread 4 time 222.468408


OMP EXECUTION WITH 6 threads
Process 0; WTime: 189.471742
PID: 0 thread 0 time 189.294090
PID: 0 thread 1 time 189.293521
PID: 0 thread 2 time 189.295980
PID: 0 thread 3 time 189.302741
PID: 0 thread 4 time 189.303930
PID: 0 thread 5 time 189.304283


OMP EXECUTION WITH 7 threads
Process 0; WTime: 162.448102
PID: 0 thread 0 time 162.262316
PID: 0 thread 1 time 162.264996
PID: 0 thread 2 time 162.262924
PID: 0 thread 3 time 162.267811
PID: 0 thread 4 time 162.273681
PID: 0 thread 5 time 162.269060
PID: 0 thread 6 time 162.282040


OMP EXECUTION WITH 8 threads
Process 0; WTime: 142.165759
PID: 0 thread 0 time 141.988598
PID: 0 thread 1 time 141.989272
PID: 0 thread 2 time 141.984858
PID: 0 thread 3 time 141.988199
PID: 0 thread 4 time 141.993068
PID: 0 thread 5 time 141.992270
PID: 0 thread 6 time 141.987355
PID: 0 thread 7 time 141.994965


OMP EXECUTION WITH 9 threads
Process 0; WTime: 126.387410
PID: 0 thread 0 time 126.222442
PID: 0 thread 1 time 126.227176
PID: 0 thread 2 time 126.222317
PID: 0 thread 3 time 126.229153
PID: 0 thread 4 time 126.227220
PID: 0 thread 5 time 126.224916
PID: 0 thread 6 time 126.221662
PID: 0 thread 7 time 126.221936
PID: 0 thread 8 time 126.240965


OMP EXECUTION WITH 10 threads
Process 0; WTime: 113.776017
PID: 0 thread 0 time 113.637923
PID: 0 thread 1 time 113.634780
PID: 0 thread 2 time 113.628282
PID: 0 thread 3 time 113.625975
PID: 0 thread 4 time 113.623736
PID: 0 thread 5 time 113.628407
PID: 0 thread 6 time 113.630259
PID: 0 thread 7 time 113.624188
PID: 0 thread 8 time 113.626592
PID: 0 thread 9 time 113.623951


OMP EXECUTION WITH 11 threads
Process 0; WTime: 113.778160
PID: 0 thread 0 time 113.594193
PID: 0 thread 1 time 113.672984
PID: 0 thread 2 time 113.639513
PID: 0 thread 3 time 113.638909
PID: 0 thread 4 time 113.629799
PID: 0 thread 5 time 113.628922
PID: 0 thread 6 time 113.631825
PID: 0 thread 7 time 113.635083
PID: 0 thread 8 time 113.628090
PID: 0 thread 9 time 113.632725
PID: 0 thread 10 time 113.630725


OMP EXECUTION WITH 12 threads
Process 0; WTime: 113.783547
PID: 0 thread 0 time 113.629631
PID: 0 thread 1 time 113.624346
PID: 0 thread 2 time 113.628261
PID: 0 thread 3 time 113.627603
PID: 0 thread 4 time 1142816797397960297706283896779462607735104168925136445104188682128394597112537252914715204262091273685645321447748354482481215531878197623821637651172580504394254746461449306623847126401827910868130588506320368748350062210432281312110376386560.000000
PID: 0 thread 5 time 67868254399572342013743773431210489778867961536186450751340177960423335019718946887990387606673115830131322434460030007132842148991445195024813356863404782406823947351928440680685008154941519298560000.000000
PID: 0 thread 6 time 63491143292589832075392856753903090046181289349683868578173922376279044518360662422748902729512023173555460997739900777125710470245301305438531357769728.000000
PID: 0 thread 7 time 113.638000
PID: 0 thread 8 time 181152584575172103787844506046188864169168659614760556636696762631034553296323472072681192179261666408446516016308828871086522812897386957811842941859837287975168864239439455519309449483349268546398971003851264694348074165833006443085569226514697455273500014877171207110656.000000
PID: 0 thread 9 time 3684234506175521138993195438539925733898802656486800080196466417274813751793990734701742805998961771016962357573827332418380975142139507505362794046238975257778844151875145320890368.000000
PID: 0 thread 10 time 72830014409616676171587077370885328839042555003483662482585770763166087051036519265506374234852942593108928807602214085610014076211101451883317206819644038913659617381212595686479946316670464952269946000643551226444342362112.000000
PID: 0 thread 11 time 67417988281768747790198408952258673882276193123674816301033585749593889461766428638260746790262909420013640386126912967973752403882986839002840633266340130968263417067343900426562376892103225180684288.000000


OMP EXECUTION WITH 13 threads
Process 0; WTime: 113.791222
PID: 0 thread 0 time 113.580369
PID: 0 thread 1 time 113.601860
PID: 0 thread 2 time 113.627812
PID: 0 thread 3 time 113.632645
PID: 0 thread 4 time 1142816797397960297706283896779462607735104168925136445104188682128394597112537252914715204262091273685645321447748354482481215531878197623821637651172580504394254746461449306623847126401827910868130588506320368748350062210432281312110376386560.000000
PID: 0 thread 5 time 67868254399572342013743773431210489778867961536186450751340177960423335019718946887990387606673115830131322434460030007132842148991445195024813356863404782406823947351928440680685008154941519298560000.000000
PID: 0 thread 6 time 63491143292589832075392856753903090046181289349683868578173922376279044518360662422748902729512023173555460997739900777125710470245301305438531357769728.000000
PID: 0 thread 7 time 113.628097
PID: 0 thread 8 time 181152584575172103787844506046188864169168659614760556636696762631034553296323472072681192179261666408446516016308828871086522812897386957811842941859837287975168864239439455519309449483349268546398971003851264694348074165833006443085569226514697455273500014877171207110656.000000
PID: 0 thread 9 time 3684234506175521138993195438539925733898802656486800080196466417274813751793990734701742805998961771016962357573827332418380975142139507505362794046238975257778844151875145320890368.000000
PID: 0 thread 10 time 72830014409616676171587077370885328839042555003483662482585770763166087051036519265506374234852942593108928807602214085610014076211101451883317206819644038913659617381212595686479946316670464952269946000643551226444342362112.000000
PID: 0 thread 11 time 67417988281768747790198408952258673882276193123674816301033585749593889461766428638260746790262909420013640386126912967973752403882986839002840633266340130968263417067343900426562376892103225180684288.000000
PID: 0 thread 12 time 113.628745


OMP EXECUTION WITH 14 threads
Process 0; WTime: 113.781557
PID: 0 thread 0 time 113.623004
PID: 0 thread 1 time 113.646549
PID: 0 thread 2 time 113.639103
PID: 0 thread 3 time 113.614098
PID: 0 thread 4 time 1142816797397960297706283896779462607735104168925136445104188682128394597112537252914715204262091273685645321447748354482481215531878197623821637651172580504394254746461449306623847126401827910868130588506320368748350062210432281312110376386560.000000
PID: 0 thread 5 time 67868254399572342013743773431210489778867961536186450751340177960423335019718946887990387606673115830131322434460030007132842148991445195024813356863404782406823947351928440680685008154941519298560000.000000
PID: 0 thread 6 time 63491143292589832075392856753903090046181289349683868578173922376279044518360662422748902729512023173555460997739900777125710470245301305438531357769728.000000
PID: 0 thread 7 time 113.615989
PID: 0 thread 8 time 181152584575172103787844506046188864169168659614760556636696762631034553296323472072681192179261666408446516016308828871086522812897386957811842941859837287975168864239439455519309449483349268546398971003851264694348074165833006443085569226514697455273500014877171207110656.000000
PID: 0 thread 9 time 3684234506175521138993195438539925733898802656486800080196466417274813751793990734701742805998961771016962357573827332418380975142139507505362794046238975257778844151875145320890368.000000
PID: 0 thread 10 time 72830014409616676171587077370885328839042555003483662482585770763166087051036519265506374234852942593108928807602214085610014076211101451883317206819644038913659617381212595686479946316670464952269946000643551226444342362112.000000
PID: 0 thread 11 time 67417988281768747790198408952258673882276193123674816301033585749593889461766428638260746790262909420013640386126912967973752403882986839002840633266340130968263417067343900426562376892103225180684288.000000
PID: 0 thread 12 time 19108567444330202554888489060991228458650588400377224746237855492669574376460309295935211336604987282802423536148964950044793956127364617625571198522761313569186931167821653525563542082265851495319312013543207862272.000000
PID: 0 thread 13 time 113.634870


OMP EXECUTION WITH 15 threads
Process 0; WTime: 113.775837
PID: 0 thread 0 time 113.632234
PID: 0 thread 1 time 113.650532
PID: 0 thread 2 time 113.634115
PID: 0 thread 3 time 113.617964
PID: 0 thread 4 time 1142816797397960297706283896779462607735104168925136445104188682128394597112537252914715204262091273685645321447748354482481215531878197623821637651172580504394254746461449306623847126401827910868130588506320368748350062210432281312110376386560.000000
PID: 0 thread 5 time 67868254399572342013743773431210489778867961536186450751340177960423335019718946887990387606673115830131322434460030007132842148991445195024813356863404782406823947351928440680685008154941519298560000.000000
PID: 0 thread 6 time 63491143292589832075392856753903090046181289349683868578173922376279044518360662422748902729512023173555460997739900777125710470245301305438531357769728.000000
PID: 0 thread 7 time 113.608846
PID: 0 thread 8 time 181152584575172103787844506046188864169168659614760556636696762631034553296323472072681192179261666408446516016308828871086522812897386957811842941859837287975168864239439455519309449483349268546398971003851264694348074165833006443085569226514697455273500014877171207110656.000000
PID: 0 thread 9 time 3684234506175521138993195438539925733898802656486800080196466417274813751793990734701742805998961771016962357573827332418380975142139507505362794046238975257778844151875145320890368.000000
PID: 0 thread 10 time 72830014409616676171587077370885328839042555003483662482585770763166087051036519265506374234852942593108928807602214085610014076211101451883317206819644038913659617381212595686479946316670464952269946000643551226444342362112.000000
PID: 0 thread 11 time 67417988281768747790198408952258673882276193123674816301033585749593889461766428638260746790262909420013640386126912967973752403882986839002840633266340130968263417067343900426562376892103225180684288.000000
PID: 0 thread 12 time 19108567444330202554888489060991228458650588400377224746237855492669574376460309295935211336604987282802423536148964950044793956127364617625571198522761313569186931167821653525563542082265851495319312013543207862272.000000
PID: 0 thread 13 time 113.651507
PID: 0 thread 14 time 113.632202


OMP EXECUTION WITH 16 threads
Process 0; WTime: 113.775578
PID: 0 thread 0 time 113.645814
PID: 0 thread 1 time 113.610158
PID: 0 thread 2 time 113.655701
PID: 0 thread 3 time 113.654200
PID: 0 thread 4 time 113.655319
PID: 0 thread 5 time 113.616139
PID: 0 thread 6 time 113.627299
PID: 0 thread 7 time 113.625416
PID: 0 thread 8 time 113.665183
PID: 0 thread 9 time 113.643690
PID: 0 thread 10 time 113.628162
PID: 0 thread 11 time 113.650782
PID: 0 thread 12 time 113.636725
PID: 0 thread 13 time 113.637293
PID: 0 thread 14 time 113.635277
PID: 0 thread 15 time 113.633568


OMP EXECUTION WITH 17 threads
Process 0; WTime: 113.776543
PID: 0 thread 0 time 113.634848
PID: 0 thread 1 time 113.622600
PID: 0 thread 2 time 113.643007
PID: 0 thread 3 time 113.624443
PID: 0 thread 4 time 113.587433
PID: 0 thread 5 time 113.614749
PID: 0 thread 6 time 113.628808
PID: 0 thread 7 time 113.609694
PID: 0 thread 8 time 113.656512
PID: 0 thread 9 time 113.625496
PID: 0 thread 10 time 113.624197
PID: 0 thread 11 time 113.571032
PID: 0 thread 12 time 113.641771
PID: 0 thread 13 time 113.608548
PID: 0 thread 14 time 113.633380
PID: 0 thread 15 time 113.635461
PID: 0 thread 16 time 113.633650


OMP EXECUTION WITH 18 threads
Process 0; WTime: 113.774117
PID: 0 thread 0 time 113.630459
PID: 0 thread 1 time 113.652748
PID: 0 thread 2 time 646572285381426222808160952904471027514079930125728720247830036659342952249795760044412007772255634468623572877725090418580483949556875929320739730232152878231382384443392.000000
PID: 0 thread 3 time 113.655149
PID: 0 thread 4 time 135726546708154189218964847330740641506289203661304554072989195912058690540264715736922145678385756264985755128771319717811087922787631563462513545215670243998169549351582158883731193406907704673052686796344017978954873878183185076625999465147269120.000000
PID: 0 thread 5 time 113.651479
PID: 0 thread 6 time 113.599396
PID: 0 thread 7 time 59354664509619511766363310801758566132047348809274737932230658736595593483316841923454629998614630015614269416712931306204405824614270727311638647951482611689633043447808.000000
PID: 0 thread 8 time 128624655405119486070106391162830095461997700726264648867431755217557464325198720070996038587506433885268591581181978406689694865878685619999406175874933424581683772522271887441733081073545321968016801245961927726293668585702619740465381353963126784.000000
PID: 0 thread 9 time 11712242955229959263880352287100253633706613791019161417622440468214287906303590017093909046591785509396183219694756425426680393967777369423667203099093441895433502720.000000
PID: 0 thread 10 time 113.627093
PID: 0 thread 11 time 113.612549
PID: 0 thread 12 time 113.647986
PID: 0 thread 13 time 1142816797397960297706283896779462607735104168925136445104188682128394597112537252914715204262091273685645321447748354482481215531878197623821637651172580504394254746461449306623847126401827910868130588506320368748350062210432281312110376386560.000000
PID: 0 thread 14 time 6967473997955026649504058173965827328073165654388952534453733930191963650036987815455806274351167623979057407510663119756702786579169358063115868958891045843973698068997523551698904103369597078153922916808118301270590406513454606910394352065230426603520.000000
PID: 0 thread 15 time 11711904212652138580608034175756649172905705525296732940661893839007163252193781802467451061198577319104121535146172752838979646698113777454829096399837416911756328960.000000
PID: 0 thread 16 time 5386692280603950024113112721745604258530139357240522049621153262547276913849667954289145182637652486869579829136859107981050659985680220457283189832302833102106015454812711943482162039548356770335550557779941832821744975050964992.000000
PID: 0 thread 17 time 113.635534


OMP EXECUTION WITH 19 threads
Process 0; WTime: 113.772707
PID: 0 thread 0 time 113.663950
PID: 0 thread 1 time 113.674423
PID: 0 thread 2 time 646572285381426222808160952904471027514079930125728720247830036659342952249795760044412007772255634468623572877725090418580483949556875929320739730232152878231382384443392.000000
PID: 0 thread 3 time 113.639423
PID: 0 thread 4 time 135726546708154189218964847330740641506289203661304554072989195912058690540264715736922145678385756264985755128771319717811087922787631563462513545215670243998169549351582158883731193406907704673052686796344017978954873878183185076625999465147269120.000000
PID: 0 thread 5 time 113.649063
PID: 0 thread 6 time 113.596604
PID: 0 thread 7 time 59354664509619511766363310801758566132047348809274737932230658736595593483316841923454629998614630015614269416712931306204405824614270727311638647951482611689633043447808.000000
PID: 0 thread 8 time 128624655405119486070106391162830095461997700726264648867431755217557464325198720070996038587506433885268591581181978406689694865878685619999406175874933424581683772522271887441733081073545321968016801245961927726293668585702619740465381353963126784.000000
PID: 0 thread 9 time 11712242955229959263880352287100253633706613791019161417622440468214287906303590017093909046591785509396183219694756425426680393967777369423667203099093441895433502720.000000
PID: 0 thread 10 time 113.661032
PID: 0 thread 11 time 113.604324
PID: 0 thread 12 time 113.645758
PID: 0 thread 13 time 1142816797397960297706283896779462607735104168925136445104188682128394597112537252914715204262091273685645321447748354482481215531878197623821637651172580504394254746461449306623847126401827910868130588506320368748350062210432281312110376386560.000000
PID: 0 thread 14 time 6967473997955026649504058173965827328073165654388952534453733930191963650036987815455806274351167623979057407510663119756702786579169358063115868958891045843973698068997523551698904103369597078153922916808118301270590406513454606910394352065230426603520.000000
PID: 0 thread 15 time 11711904212652138580608034175756649172905705525296732940661893839007163252193781802467451061198577319104121535146172752838979646698113777454829096399837416911756328960.000000
PID: 0 thread 16 time 5386692280603950024113112721745604258530139357240522049621153262547276913849667954289145182637652486869579829136859107981050659985680220457283189832302833102106015454812711943482162039548356770335550557779941832821744975050964992.000000
PID: 0 thread 17 time 113.633748
PID: 0 thread 18 time 113.633650


OMP EXECUTION WITH 20 threads
Process 0; WTime: 113.769535
PID: 0 thread 0 time 113.637201
PID: 0 thread 1 time 113.645543
PID: 0 thread 2 time 113.652688
PID: 0 thread 3 time 113.603480
PID: 0 thread 4 time 113.619538
PID: 0 thread 5 time 113.592567
PID: 0 thread 6 time 113.644569
PID: 0 thread 7 time 113.664261
PID: 0 thread 8 time 113.631459
PID: 0 thread 9 time 113.665014
PID: 0 thread 10 time 113.622488
PID: 0 thread 11 time 113.620484
PID: 0 thread 12 time 113.643151
PID: 0 thread 13 time 113.619027
PID: 0 thread 14 time 113.607053
PID: 0 thread 15 time 113.633262
PID: 0 thread 16 time 113.614889
PID: 0 thread 17 time 113.648167
PID: 0 thread 18 time 113.643575
PID: 0 thread 19 time 113.652402
